TTQEducation_T/proguard-project.txt
# To enable ProGuard in your project, edit project.properties
# to define the proguard.config property as described in that file.
#
# Add project specific ProGuard rules here.
# By default, the flags in this file are appended to flags specified
# in ${sdk.dir}/tools/proguard/proguard-android.txt
# You can edit the include path and order by changing the ProGuard
# include property in project.properties.
#
# For more details, see
#   http://developer.android.com/guide/developing/tools/proguard.html

# Add any project specific keep options here:

# If your project uses WebView with JS, uncomment the following
# and specify the fully qualified class name to the JavaScript interface
# class:
#-keepclassmembers class fqcn.of.javascript.interface.for.webview {
#   public *;
#}

-dontshrink
-dontpreverify 
-dontoptimize 
-dontusemixedcaseclassnames 

-flattenpackagehierarchy
-allowaccessmodification 
-printmapping map.txt 

-optimizationpasses 7 
-verbose 
-keepattributes Exceptions,InnerClasses
-dontskipnonpubliclibraryclasses 
-dontskipnonpubliclibraryclassmembers 
-ignorewarnings

-keep public class * extends android.app.Activity
-keep public class * extends android.app.Application
-keep public class * extends android.app.Service
-keep public class * extends android.content.BroadcastReceiver
-keep public class * extends android.content.ContentProvider
-keep public class * extends java.lang.Throwable {*;}
-keep public class * extends java.lang.Exception {*;}

#-libraryjars libs/alipaysdk.jar
#-libraryjars libs/alipaysecsdk.jar
#-libraryjars libs/alipayutdid.jar

-keep class com.alipay.android.app.IAlixPay{*;}
-keep class com.alipay.android.app.IAlixPay$Stub{*;}
-keep class com.alipay.android.app.IRemoteServiceCallback{*;}
-keep class com.alipay.android.app.IRemoteServiceCallback$Stub{*;}
-keep class com.alipay.sdk.app.PayTask{ public *;}
-keep class com.alipay.mobilesecuritysdk.*
-keep class com.ut.*

-keepclasseswithmembernames class * {
    native <methods>;
}

-keepclasseswithmembers class * {
    public <init>(android.content.Context, android.util.AttributeSet);
}

-keepclasseswithmembers class * {
    public <init>(android.content.Context, android.util.AttributeSet, int);
}

-keepclassmembers class * extends android.app.Activity {
   public void *(android.view.View);
}

-keepclassmembers enum * {
    public static **[] values();
    public static ** valueOf(java.lang.String);
}

-keep class * implements android.os.Parcelable {
  public static final android.os.Parcelable$Creator *;
}

# adding this in to preserve line numbers so that the stack traces
# can be remapped
-renamesourcefileattribute SourceFile
-keepattributes SourceFile,LineNumberTable

-ignorewarnings
-libraryjars libs/android-support-v4.jar