TTQEducation_T/proguard/mapping.txt
android.support.v4.media.VolumeProviderCompat$1 -> android.support.v4.media.r:
    android.support.v4.media.VolumeProviderCompat this$0 -> a
    154:155:void onSetVolumeTo(int) -> a
    159:160:void onAdjustVolume(int) -> b
android.support.v4.media.VolumeProviderCompat$Callback -> android.support.v4.media.q$a:
    void onVolumeChanged(android.support.v4.media.VolumeProviderCompat) -> a
android.support.v4.media.VolumeProviderCompatApi21 -> android.support.v4.media.s:
    24:24:java.lang.Object createVolumeProvider(int,int,int,android.support.v4.media.VolumeProviderCompatApi21$Delegate) -> a
    38:39:void setCurrentVolume(java.lang.Object,int) -> a
android.support.v4.media.VolumeProviderCompatApi21$1 -> android.support.v4.media.t:
    android.support.v4.media.VolumeProviderCompatApi21$Delegate val$delegate -> a
    27:28:void onSetVolumeTo(int) -> a
    32:33:void onAdjustVolume(int) -> b
android.support.v4.media.VolumeProviderCompatApi21$Delegate -> android.support.v4.media.s$a:
    void onSetVolumeTo(int) -> a
    void onAdjustVolume(int) -> b
android.support.v4.media.routing.MediaRouterJellybean -> j.a:
    java.lang.String TAG -> e
    int ROUTE_TYPE_LIVE_AUDIO -> a
    int ROUTE_TYPE_LIVE_VIDEO -> b
    int ROUTE_TYPE_USER -> c
    int ALL_ROUTE_TYPES -> d
    42:42:java.lang.Object getMediaRouter(android.content.Context) -> a
    47:53:java.util.List getRoutes(java.lang.Object) -> a
    58:64:java.util.List getCategories(java.lang.Object) -> b
    68:68:java.lang.Object getSelectedRoute(java.lang.Object,int) -> a
    72:74:void selectRoute(java.lang.Object,int,java.lang.Object) -> a
    77:79:void addCallback(java.lang.Object,int,java.lang.Object) -> b
    82:84:void removeCallback(java.lang.Object,java.lang.Object) -> a
    88:88:java.lang.Object createRouteCategory(java.lang.Object,java.lang.String,boolean) -> a
    92:92:java.lang.Object createUserRoute(java.lang.Object,java.lang.Object) -> b
    97:99:void addUserRoute(java.lang.Object,java.lang.Object) -> c
    102:104:void removeUserRoute(java.lang.Object,java.lang.Object) -> d
    107:107:java.lang.Object createCallback(android.support.v4.media.routing.MediaRouterJellybean$Callback) -> a
    111:111:java.lang.Object createVolumeCallback(android.support.v4.media.routing.MediaRouterJellybean$VolumeCallback) -> a
android.support.v4.media.routing.MediaRouterJellybean$Callback -> j.a$a:
    void onRouteSelected(int,java.lang.Object) -> a
    void onRouteUnselected(int,java.lang.Object) -> b
    void onRouteAdded(java.lang.Object) -> a
    void onRouteRemoved(java.lang.Object) -> b
    void onRouteChanged(java.lang.Object) -> c
    void onRouteGrouped(java.lang.Object,java.lang.Object,int) -> a
    void onRouteUngrouped(java.lang.Object,java.lang.Object) -> a
    void onRouteVolumeChanged(java.lang.Object) -> d
android.support.v4.media.routing.MediaRouterJellybean$CallbackProxy -> j.a$b:
    android.support.v4.media.routing.MediaRouterJellybean$Callback mCallback -> a
    374:375:void onRouteSelected(android.media.MediaRouter,int,android.media.MediaRouter$RouteInfo) -> onRouteSelected
    380:381:void onRouteUnselected(android.media.MediaRouter,int,android.media.MediaRouter$RouteInfo) -> onRouteUnselected
    386:387:void onRouteAdded(android.media.MediaRouter,android.media.MediaRouter$RouteInfo) -> onRouteAdded
    392:393:void onRouteRemoved(android.media.MediaRouter,android.media.MediaRouter$RouteInfo) -> onRouteRemoved
    398:399:void onRouteChanged(android.media.MediaRouter,android.media.MediaRouter$RouteInfo) -> onRouteChanged
    405:406:void onRouteGrouped(android.media.MediaRouter,android.media.MediaRouter$RouteInfo,android.media.MediaRouter$RouteGroup,int) -> onRouteGrouped
    412:413:void onRouteUngrouped(android.media.MediaRouter,android.media.MediaRouter$RouteInfo,android.media.MediaRouter$RouteGroup) -> onRouteUngrouped
    418:419:void onRouteVolumeChanged(android.media.MediaRouter,android.media.MediaRouter$RouteInfo) -> onRouteVolumeChanged